2018-Dec-27 14:22:22 Наличие необходимых модулей php (check_php_modules): Ok
Все необходимые модули установлены
2018-Dec-27 14:22:22 Обязательные параметры PHP (check_php_settings): Fail
Ошибка! Значение max_input_vars должно быть не ниже 10000. Текущее значение: 1000
2018-Dec-27 14:22:22 Модули веб-сервера (check_security): Ok
Конфликтов не выявлено
2018-Dec-27 14:22:22 Значения переменных сервера (check_server_vars): Ok
Корректные
2018-Dec-27 14:22:22 Сохранение сессии (check_session): Ok
50% done
2018-Dec-27 14:22:22 Сохранение сессии (check_session): Ok
Успешно
2018-Dec-27 14:22:23 Параметры настройки UTF (mbstring и константа BX_UTF) (check_mbstring): Ok
Правильные. Сайт работает в однобайтовой кодировке
2018-Dec-27 14:22:23 Служебные скрипты в корне сайта (check_install_scripts): Ok
Отсутствуют
2018-Dec-27 14:22:23 Работа с сокетами (check_socket): Ok
Connection to besedka1337.ru:80	Success

Успешно
2018-Dec-27 14:22:23 Выполнение агентов на cron (check_bx_crontab): Warning
Замечание. Агенты выполняются на хитах, рекомендуется перевести выполнение агентов на cron
2018-Dec-27 14:22:23 Параметры подключения к базе данных (check_dbconn_settings): Ok
Успешно
2018-Dec-27 14:22:23 Лишний вывод в файлах конфигурации (check_dbconn): Ok
Connection to besedka1337.ru:80	Success

Успешно
2018-Dec-27 14:22:24 Сохранение сессии без UserAgent (check_session_ua): Ok
50% done
Connection to besedka1337.ru:80	Success

2018-Dec-27 14:22:24 Сохранение сессии без UserAgent (check_session_ua): Ok
Connection to besedka1337.ru:80	Success

Успешно
2018-Dec-27 14:22:24 Настройки сайтов (check_sites): Ok
Правильные
2018-Dec-27 14:22:24 Передача объектов по ссылке (check_clone): Ok
Успешно
2018-Dec-27 14:22:24 Размер стека и pcre.recursion_limit (check_pcre_recursion): Warning
Connection to besedka1337.ru:80	Success

Замечание. Возможны проблемы в работе с длинными строками из-за системных ограничений
2018-Dec-27 14:22:24 Загрузка файла (check_upload): Ok
Connection to besedka1337.ru:80	Success

Успешно
2018-Dec-27 14:22:25 Загрузка файла больше 4Мб (check_upload_big): Ok
Connection to besedka1337.ru:80	Success

Успешно
2018-Dec-27 14:22:25 Загрузка файла через php://input (check_upload_raw): Ok
Connection to besedka1337.ru:80	Success

Успешно
2018-Dec-27 14:22:25 Передача POST запроса с большим числом параметров (check_post): Ok
Connection to besedka1337.ru:80	Success

Успешно
2018-Dec-27 14:22:25 Отправка почты (check_mail): Ok
Успешно
2018-Dec-27 14:22:25 Отправка почтового сообщения больше 64Кб (check_mail_big): Ok
Успешно
2018-Dec-27 14:22:25 Проверка на наличие неотправленных сообщений (check_mail_b_event): Ok
Успешно
2018-Dec-27 14:22:25 Внутреннее перенаправление (функция LocalRedirect) (check_localredirect): Ok
50% done
Connection to besedka1337.ru:80	Success

2018-Dec-27 14:22:26 Внутреннее перенаправление (функция LocalRedirect) (check_localredirect): Ok
Connection to besedka1337.ru:80	Success

Успешно
2018-Dec-27 14:22:26 Фактическое ограничение памяти (check_memory_limit): Ok
20% done
Connection to besedka1337.ru:80	Success

2018-Dec-27 14:22:26 Фактическое ограничение памяти (check_memory_limit): Ok
40% done
Connection to besedka1337.ru:80	Success

2018-Dec-27 14:22:26 Фактическое ограничение памяти (check_memory_limit): Ok
60% done
Connection to besedka1337.ru:80	Success

2018-Dec-27 14:22:26 Фактическое ограничение памяти (check_memory_limit): Ok
80% done
Connection to besedka1337.ru:80	Success

2018-Dec-27 14:22:27 Фактическое ограничение памяти (check_memory_limit): Ok
Connection to besedka1337.ru:80	Success

Не менее 256 М
2018-Dec-27 14:22:27 Работа с файлами кеша (check_cache): Ok
Успешно
2018-Dec-27 14:22:33 Доступ к серверу обновлений (check_update): Ok
Успешно
2018-Dec-27 14:22:33 HTTP авторизация (check_http_auth): Ok
Connection to besedka1337.ru:80	Success

Успешно
2018-Dec-27 14:22:33 Создание и запуск файла (check_exec): Ok
Connection to besedka1337.ru:80	Success

Успешно
2018-Dec-27 14:22:33 Функция getimagesize для swf (check_getimagesize): Warning
Замечание. File not found: C:/OSPanel/domains/besedka1337.ru/bitrix/modules/fileman/install/components/bitrix/player/mediaplayer/player
2018-Dec-27 14:22:33 Версия MySQL-сервера (check_mysql_bug_version): Ok
Успешно
2018-Dec-27 14:22:35 Время на БД и веб-сервере (check_mysql_time): Ok
Успешно
2018-Dec-27 14:22:35 Режим работы MySQL (check_mysql_mode): Fail
Ошибка! Переменная sql_mode в MySQL должна быть пустая, текущее значение: ONLY_FULL_GROUP_BY,STRICT_TRANS_TABLES,NO_ZERO_IN_DATE,NO_ZERO_DATE,ERROR_FOR_DIVISION_BY_ZERO,NO_AUTO_CREATE_USER,NO_ENGINE_SUBSTITUTION
2018-Dec-27 14:22:35 Кодировка соединения (check_mysql_connection_charset): Ok
character_set_connection=cp1251, collation_connection=cp1251_general_ci, character_set_results=cp1251
Успешно
2018-Dec-27 14:22:35 Кодировка базы данных (check_mysql_db_charset): Ok
CHARSET=cp1251, COLLATION=cp1251_general_ci
Успешно
2018-Dec-27 14:22:35 Кодировки таблиц в БД (check_mysql_table_charset): Ok
Успешно
2018-Dec-27 14:22:36 Структура базы данных (check_mysql_table_structure): Ok
0% done
2018-Dec-27 14:22:36 Структура базы данных (check_mysql_table_structure): Ok
5% done
2018-Dec-27 14:22:36 Структура базы данных (check_mysql_table_structure): Ok
11% done
2018-Dec-27 14:22:36 Структура базы данных (check_mysql_table_structure): Ok
17% done
2018-Dec-27 14:22:36 Структура базы данных (check_mysql_table_structure): Ok
23% done
2018-Dec-27 14:22:37 Структура базы данных (check_mysql_table_structure): Ok
29% done
2018-Dec-27 14:22:37 Структура базы данных (check_mysql_table_structure): Ok
35% done
2018-Dec-27 14:22:38 Структура базы данных (check_mysql_table_structure): Ok
41% done
2018-Dec-27 14:22:41 Структура базы данных (check_mysql_table_structure): Ok
47% done
2018-Dec-27 14:22:41 Структура базы данных (check_mysql_table_structure): Ok
52% done
2018-Dec-27 14:22:42 Структура базы данных (check_mysql_table_structure): Ok
58% done
2018-Dec-27 14:22:42 Структура базы данных (check_mysql_table_structure): Ok
64% done
2018-Dec-27 14:22:43 Структура базы данных (check_mysql_table_structure): Ok
70% done
2018-Dec-27 14:22:43 Структура базы данных (check_mysql_table_structure): Ok
76% done
2018-Dec-27 14:22:43 Структура базы данных (check_mysql_table_structure): Ok
82% done
2018-Dec-27 14:22:44 Структура базы данных (check_mysql_table_structure): Ok
88% done
2018-Dec-27 14:22:44 Структура базы данных (check_mysql_table_structure): Ok
94% done
2018-Dec-27 14:22:44 Структура базы данных (check_mysql_table_structure): Ok
Успешно
